<?xml version="1.0" encoding="UTF-8"?>
<testng-results skipped="0" failed="1" total="2" passed="1">
  <reporter-output>
  </reporter-output>
  <suite name="com.qpros.authorization.LoginTest" duration-ms="41516" started-at="2020-05-12T09:22:07Z" finished-at="2020-05-12T09:22:48Z">
    <groups>
    </groups>
    <test name="Command line test" duration-ms="41516" started-at="2020-05-12T09:22:07Z" finished-at="2020-05-12T09:22:48Z">
      <class name="com.qpros.authorization.LoginTest">
        <test-method status="PASS" signature="setUpBrowser()[pri:0, instance:com.qpros.authorization.LoginTest@3cda1055]" name="setUpBrowser" is-config="true" duration-ms="7592" started-at="2020-05-12T12:22:07Z" finished-at="2020-05-12T12:22:14Z">
          <reporter-output>
          </reporter-output>
        </test-method> <!-- setUpBrowser -->
        <test-method status="PASS" signature="login()[pri:0, instance:com.qpros.authorization.LoginTest@3cda1055]" name="login" duration-ms="16271" started-at="2020-05-12T12:22:14Z" description="System should display alert message for invalid credentials" finished-at="2020-05-12T12:22:31Z">
          <reporter-output>
          </reporter-output>
        </test-method> <!-- login -->
        <test-method status="PASS" signature="stopDriver()[pri:0, instance:com.qpros.authorization.LoginTest@3cda1055]" name="stopDriver" is-config="true" duration-ms="199" started-at="2020-05-12T12:22:31Z" finished-at="2020-05-12T12:22:31Z">
          <reporter-output>
          </reporter-output>
        </test-method> <!-- stopDriver -->
        <test-method status="PASS" signature="setUpBrowser()[pri:0, instance:com.qpros.authorization.LoginTest@3cda1055]" name="setUpBrowser" is-config="true" duration-ms="5543" started-at="2020-05-12T12:22:31Z" finished-at="2020-05-12T12:22:36Z">
          <reporter-output>
          </reporter-output>
        </test-method> <!-- setUpBrowser -->
        <test-method status="FAIL" signature="login2()[pri:1, instance:com.qpros.authorization.LoginTest@3cda1055]" name="login2" duration-ms="11743" started-at="2020-05-12T12:22:36Z" description="System should display alert message for invalid credentials" finished-at="2020-05-12T12:22:48Z">
          <exception class="java.lang.AssertionError">
            <message>
              <![CDATA[expected [The email you’ve entered doesn’t match any account.] but found [The email you’ve entered doesn’t match any account. Sign up for an account.]]]>
            </message>
            <full-stacktrace>
              <![CDATA[java.lang.AssertionError: expected [The email you’ve entered doesn’t match any account.] but found [The email you’ve entered doesn’t match any account. Sign up for an account.]
	at org.testng.Assert.fail(Assert.java:94)
	at org.testng.Assert.failNotEquals(Assert.java:513)
	at org.testng.Assert.assertEqualsImpl(Assert.java:135)
	at org.testng.Assert.assertEquals(Assert.java:116)
	at org.testng.Assert.assertEquals(Assert.java:190)
	at org.testng.Assert.assertEquals(Assert.java:200)
	at com.qpros.authorization.LoginTest.login2(LoginTest.java:26)
	at sun.reflect.NativeMethodAccessorImpl.invoke0(Native Method)
	at sun.reflect.NativeMethodAccessorImpl.invoke(NativeMethodAccessorImpl.java:62)
	at sun.reflect.DelegatingMethodAccessorImpl.invoke(DelegatingMethodAccessorImpl.java:43)
	at java.lang.reflect.Method.invoke(Method.java:498)
	at org.testng.internal.MethodInvocationHelper.invokeMethod(MethodInvocationHelper.java:86)
	at org.testng.internal.Invoker.invokeMethod(Invoker.java:643)
	at org.testng.internal.Invoker.invokeTestMethod(Invoker.java:820)
	at org.testng.internal.Invoker.invokeTestMethods(Invoker.java:1128)
	at org.testng.internal.TestMethodWorker.invokeTestMethods(TestMethodWorker.java:129)
	at org.testng.internal.TestMethodWorker.run(TestMethodWorker.java:112)
	at org.testng.TestRunner.privateRun(TestRunner.java:782)
	at org.testng.TestRunner.run(TestRunner.java:632)
	at org.testng.SuiteRunner.runTest(SuiteRunner.java:366)
	at org.testng.SuiteRunner.runSequentially(SuiteRunner.java:361)
	at org.testng.SuiteRunner.privateRun(SuiteRunner.java:319)
	at org.testng.SuiteRunner.run(SuiteRunner.java:268)
	at org.testng.SuiteRunnerWorker.runSuite(SuiteRunnerWorker.java:52)
	at org.testng.SuiteRunnerWorker.run(SuiteRunnerWorker.java:86)
	at org.testng.TestNG.runSuitesSequentially(TestNG.java:1244)
	at org.testng.TestNG.runSuitesLocally(TestNG.java:1169)
	at org.testng.TestNG.run(TestNG.java:1064)
	at org.apache.maven.surefire.testng.TestNGExecutor.run(TestNGExecutor.java:77)
	at org.apache.maven.surefire.testng.TestNGDirectoryTestSuite.execute(TestNGDirectoryTestSuite.java:110)
	at org.apache.maven.surefire.testng.TestNGProvider.invoke(TestNGProvider.java:106)
	at sun.reflect.NativeMethodAccessorImpl.invoke0(Native Method)
	at sun.reflect.NativeMethodAccessorImpl.invoke(NativeMethodAccessorImpl.java:62)
	at sun.reflect.DelegatingMethodAccessorImpl.invoke(DelegatingMethodAccessorImpl.java:43)
	at java.lang.reflect.Method.invoke(Method.java:498)
	at org.apache.maven.surefire.util.ReflectionUtils.invokeMethodWithArray(ReflectionUtils.java:189)
	at org.apache.maven.surefire.booter.ProviderFactory$ProviderProxy.invoke(ProviderFactory.java:165)
	at org.apache.maven.surefire.booter.ProviderFactory.invokeProvider(ProviderFactory.java:85)
	at org.apache.maven.surefire.booter.ForkedBooter.runSuitesInProcess(ForkedBooter.java:115)
	at org.apache.maven.surefire.booter.ForkedBooter.main(ForkedBooter.java:75)
]]>
            </full-stacktrace>
          </exception> <!-- java.lang.AssertionError -->
          <reporter-output>
          </reporter-output>
        </test-method> <!-- login2 -->
        <test-method status="PASS" signature="stopDriver()[pri:0, instance:com.qpros.authorization.LoginTest@3cda1055]" name="stopDriver" is-config="true" duration-ms="154" started-at="2020-05-12T12:22:48Z" finished-at="2020-05-12T12:22:48Z">
          <reporter-output>
          </reporter-output>
        </test-method> <!-- stopDriver -->
      </class> <!-- com.qpros.authorization.LoginTest -->
    </test> <!-- Command line test -->
  </suite> <!-- com.qpros.authorization.LoginTest -->
</testng-results>
